<?xml version='1.0'?>
<ns2:test-suite xmlns:ns2='urn:model.allure.qatools.yandex.ru' start='1591028229123' stop='1591028232988'>
    <name>handle application login</name>
    <title>handle application login</title>
    <test-cases>
        <test-case start='1591028229123' status='passed' stop='1591028232506'>
            <name>enter username</name>
            <title>enter username</title>
            <labels>
                <label name='language' value='javascript'/>
                <label name='framework' value='wdio'/>
                <label name='thread' value='0-0'/>
            </labels>
            <parameters>
                <parameter kind='argument' name='browser' value='chrome-83.0.4103.61'/>
            </parameters>
            <steps/>
            <attachments/>
        </test-case>
        <test-case start='1591028232507' status='passed' stop='1591028232607'>
            <name>enter password</name>
            <title>enter password</title>
            <labels>
                <label name='language' value='javascript'/>
                <label name='framework' value='wdio'/>
                <label name='thread' value='0-0'/>
            </labels>
            <parameters>
                <parameter kind='argument' name='browser' value='chrome-83.0.4103.61'/>
            </parameters>
            <steps/>
            <attachments/>
        </test-case>
        <test-case start='1591028232607' status='passed' stop='1591028232988'>
            <name>click on login button</name>
            <title>click on login button</title>
            <labels>
                <label name='language' value='javascript'/>
                <label name='framework' value='wdio'/>
                <label name='thread' value='0-0'/>
            </labels>
            <parameters>
                <parameter kind='argument' name='browser' value='chrome-83.0.4103.61'/>
            </parameters>
            <steps/>
            <attachments/>
        </test-case>
        <test-case start='1591028232988' status='pending' stop='1591028232988'>
            <name>should clear username value</name>
            <title>should clear username value</title>
            <labels/>
            <parameters/>
            <steps/>
            <attachments/>
            <failure>
                <message>Test ignored</message>
                <stack-trace>undefined</stack-trace>
            </failure>
        </test-case>
        <test-case start='1591028232988' status='pending' stop='1591028232988'>
            <name>should clear password value</name>
            <title>should clear password value</title>
            <labels/>
            <parameters/>
            <steps/>
            <attachments/>
            <failure>
                <message>Test ignored</message>
                <stack-trace>undefined</stack-trace>
            </failure>
        </test-case>
    </test-cases>
</ns2:test-suite>